<?xml version="1.0" encoding="UTF-8"?>
<!-- Generated by org.testng.reporters.JUnitReportReporter -->
<testsuite hostname="DESKTOP-12VNEQH" failures="0" tests="1" name="testScriptByPom.GeneralStore" time="48.613" errors="0" timestamp="2022-05-05T21:45:56 IST" skipped="0">
  <testcase classname="testScriptByPom.GeneralStore" name="abc" time="48.613"/>
  <system-out/>
</testsuite> <!-- testScriptByPom.GeneralStore -->
