<?xml version="1.0" encoding="UTF-8"?>
<!-- Generated by org.testng.reporters.JUnitReportReporter -->
<testsuite hostname="DESKTOP-12VNEQH" failures="0" tests="2" name="testScript.ParallelTest" time="37.152" errors="0" timestamp="2022-05-04T15:28:35 IST" skipped="0">
  <testcase classname="testScript.ParallelTest" name="parallel" time="25.412"/>
  <system-out/>
  <testcase classname="testScript.ParallelTest" name="parallel" time="11.740"/>
  <system-out/>
</testsuite> <!-- testScript.ParallelTest -->
